INFO  2017-09-22 15:03:05,779 (Saros.java:220) Starting Saros 14.10.31 running:
  Java Version: 1.8.0_144
  Java Vendor: Oracle Corporation
  Eclipse Runtime Version: 3.12.0.v20160606-1342
  Operating System: Windows 10 (10.0)
  Hardware Architecture: amd64
INFO  2017-09-22 15:03:05,887 (SarosContext.java:153) creating Saros runtime context...
DEBUG 2017-09-22 15:03:06,143 (XMPPAccountStore.java:117) loading accounts from file: C:\Users\mccal\.saros\config.dat
DEBUG 2017-09-22 15:03:06,932 (XMPPAccountStore.java:176) loaded 3 account(s)
INFO  2017-09-22 15:03:07,237 (SarosContext.java:199) successfully created Saros runtime context
DEBUG 2017-09-22 15:03:07,269 (DataTransferManager.java:467) used transport order for the current XMPP connection: [XMPP-Socks5-Transport, XMPP-IBB-Transport]
INFO  2017-09-22 15:03:07,309 (PreferenceInitializer.java:50) initializing preference default values
DEBUG 2017-09-22 15:03:07,373 (SarosAnnotation.java:117) resetting annotation colors
DEBUG 2017-09-22 15:03:07,577 (Saros.java:430) skipping conversion of old XMPP accounts, because there are already new ones
DEBUG 2017-09-22 15:03:26,981 (SharedDocumentProvider.java:77) SharedDocumentProvider created by Eclipse
DEBUG 2017-09-22 15:03:33,350 (WhiteboardManager.java:194) WhiteboardManager instantiated
DEBUG 2017-09-22 15:03:33,411 (DocumentRecord.java:93) Added Node: attr(150611421340546761) name=svg
DEBUG 2017-09-22 15:03:33,763 (XMPPConnectionService.java:439) started Socks5 proxy on port: 7777 [listening on all interfaces]
DEBUG 2017-09-22 15:03:34,483 (XMPPConnectionService.java:459) using autodetected addresses: [10.17.7.135, 2001:0:5ef5:79fb:34df:6b8:f5ee:f878, fe80:0:0:0:34df:6b8:f5ee:f878%net4, fe80:0:0:0:3127:2108:b5d2:828f%wlan3]
DEBUG 2017-09-22 15:03:34,528 (XMPPConnectionService.java:398)  new connection state == CONNECTING
DEBUG 2017-09-22 15:03:35,187 (XMPPConnectionService.java:398) mccallum.sgd@im.koderoot.net/Saros new connection state == CONNECTED
DEBUG 2017-09-22 15:03:35,187 (DataTransferManager.java:467) used transport order for the current XMPP connection: [XMPP-Socks5-Transport, XMPP-IBB-Transport]
DEBUG 2017-09-22 15:03:35,189 (SkypeManager.java:289) Refreshing Skype username cache...
WARN  2017-09-22 15:03:47,517 (StunServiceImpl.java:420) received no response from STUN server stunserver.org/67.227.226.240:3478 at local address /10.17.7.135:0
ERROR 2017-09-22 16:31:23,999 (XMPPConnectionService.java:101) XMPP connection error: 
java.net.SocketException: Software caused connection abort: recv failed
	at java.net.SocketInputStream.socketRead0(Native Method)
	at java.net.SocketInputStream.socketRead(Unknown Source)
	at java.net.SocketInputStream.read(Unknown Source)
	at java.net.SocketInputStream.read(Unknown Source)
	at sun.security.ssl.InputRecord.readFully(Unknown Source)
	at sun.security.ssl.InputRecord.read(Unknown Source)
	at sun.security.ssl.SSLSocketImpl.readRecord(Unknown Source)
	at sun.security.ssl.SSLSocketImpl.readDataRecord(Unknown Source)
	at sun.security.ssl.AppInputStream.read(Unknown Source)
	at sun.nio.cs.StreamDecoder.readBytes(Unknown Source)
	at sun.nio.cs.StreamDecoder.implRead(Unknown Source)
	at sun.nio.cs.StreamDecoder.read(Unknown Source)
	at java.io.InputStreamReader.read(Unknown Source)
	at java.io.BufferedReader.fill(Unknown Source)
	at java.io.BufferedReader.read1(Unknown Source)
	at java.io.BufferedReader.read(Unknown Source)
	at org.xmlpull.mxp1.MXParser.fillBuf(MXParser.java:2992)
	at org.xmlpull.mxp1.MXParser.more(MXParser.java:3046)
	at org.xmlpull.mxp1.MXParser.nextImpl(MXParser.java:1144)
	at org.xmlpull.mxp1.MXParser.next(MXParser.java:1093)
	at org.jivesoftware.smack.PacketReader.parsePackets(PacketReader.java:312)
	at org.jivesoftware.smack.PacketReader.access$000(PacketReader.java:48)
	at org.jivesoftware.smack.PacketReader$1.run(PacketReader.java:76)
ERROR 2017-09-22 16:31:24,014 (XMPPConnectionService.java:400)  new connection state == ERROR
java.net.SocketException: Software caused connection abort: recv failed
	at java.net.SocketInputStream.socketRead0(Native Method)
	at java.net.SocketInputStream.socketRead(Unknown Source)
	at java.net.SocketInputStream.read(Unknown Source)
	at java.net.SocketInputStream.read(Unknown Source)
	at sun.security.ssl.InputRecord.readFully(Unknown Source)
	at sun.security.ssl.InputRecord.read(Unknown Source)
	at sun.security.ssl.SSLSocketImpl.readRecord(Unknown Source)
	at sun.security.ssl.SSLSocketImpl.readDataRecord(Unknown Source)
	at sun.security.ssl.AppInputStream.read(Unknown Source)
	at sun.nio.cs.StreamDecoder.readBytes(Unknown Source)
	at sun.nio.cs.StreamDecoder.implRead(Unknown Source)
	at sun.nio.cs.StreamDecoder.read(Unknown Source)
	at java.io.InputStreamReader.read(Unknown Source)
	at java.io.BufferedReader.fill(Unknown Source)
	at java.io.BufferedReader.read1(Unknown Source)
	at java.io.BufferedReader.read(Unknown Source)
	at org.xmlpull.mxp1.MXParser.fillBuf(MXParser.java:2992)
	at org.xmlpull.mxp1.MXParser.more(MXParser.java:3046)
	at org.xmlpull.mxp1.MXParser.nextImpl(MXParser.java:1144)
	at org.xmlpull.mxp1.MXParser.next(MXParser.java:1093)
	at org.jivesoftware.smack.PacketReader.parsePackets(PacketReader.java:312)
	at org.jivesoftware.smack.PacketReader.access$000(PacketReader.java:48)
	at org.jivesoftware.smack.PacketReader$1.run(PacketReader.java:76)
DEBUG 2017-09-22 16:31:24,028 (XMPPConnectionService.java:398)  new connection state == NOT_CONNECTED
DEBUG 2017-09-22 19:13:18,496 (UPnPServiceImpl.java:295) deleting existing port mappings
