INFO  2017-10-12 21:00:53,119 (Saros.java:220) Starting Saros 14.10.31 running:
  Java Version: 1.8.0_144
  Java Vendor: Oracle Corporation
  Eclipse Runtime Version: 3.12.0.v20160606-1342
  Operating System: Windows 10 (10.0)
  Hardware Architecture: amd64
INFO  2017-10-12 21:00:53,166 (SarosContext.java:153) creating Saros runtime context...
DEBUG 2017-10-12 21:00:53,256 (XMPPAccountStore.java:117) loading accounts from file: C:\Users\mccal\.saros\config.dat
DEBUG 2017-10-12 21:00:53,696 (XMPPAccountStore.java:176) loaded 3 account(s)
INFO  2017-10-12 21:00:53,849 (SarosContext.java:199) successfully created Saros runtime context
DEBUG 2017-10-12 21:00:53,856 (DataTransferManager.java:467) used transport order for the current XMPP connection: [XMPP-Socks5-Transport, XMPP-IBB-Transport]
INFO  2017-10-12 21:00:53,887 (PreferenceInitializer.java:50) initializing preference default values
DEBUG 2017-10-12 21:00:53,940 (SarosAnnotation.java:117) resetting annotation colors
DEBUG 2017-10-12 21:00:54,023 (Saros.java:430) skipping conversion of old XMPP accounts, because there are already new ones
DEBUG 2017-10-12 21:00:59,401 (SharedDocumentProvider.java:77) SharedDocumentProvider created by Eclipse
DEBUG 2017-10-12 21:01:03,913 (WhiteboardManager.java:194) WhiteboardManager instantiated
DEBUG 2017-10-12 21:01:03,949 (DocumentRecord.java:93) Added Node: attr(150786366394069507) name=svg
DEBUG 2017-10-12 21:01:03,958 (XMPPConnectionService.java:439) started Socks5 proxy on port: 7777 [listening on all interfaces]
DEBUG 2017-10-12 21:01:05,064 (XMPPConnectionService.java:459) using autodetected addresses: [10.17.86.129, 2001:0:5ef5:79fb:3cf4:69d:f5ee:a97e, fe80:0:0:0:3cf4:69d:f5ee:a97e%net4, fe80:0:0:0:3127:2108:b5d2:828f%wlan4]
DEBUG 2017-10-12 21:01:05,081 (XMPPConnectionService.java:398)  new connection state == CONNECTING
DEBUG 2017-10-12 21:01:06,307 (XMPPConnectionService.java:398) mccallum.sgd@im.koderoot.net/Saros new connection state == CONNECTED
DEBUG 2017-10-12 21:01:06,308 (DataTransferManager.java:467) used transport order for the current XMPP connection: [XMPP-Socks5-Transport, XMPP-IBB-Transport]
DEBUG 2017-10-12 21:01:06,310 (SkypeManager.java:289) Refreshing Skype username cache...
WARN  2017-10-12 21:01:15,785 (StunServiceImpl.java:420) received no response from STUN server stunserver.org/67.227.226.240:3478 at local address /10.17.86.129:0
DEBUG 2017-10-12 22:23:19,219 (XMPPConnectionService.java:398) mccallum.sgd@im.koderoot.net/Saros new connection state == DISCONNECTING
DEBUG 2017-10-12 22:23:19,391 (XMPPConnectionService.java:398)  new connection state == NOT_CONNECTED
DEBUG 2017-10-12 22:23:19,391 (UPnPServiceImpl.java:295) deleting existing port mappings
