INFO  2017-09-25 00:37:44,928 (Saros.java:220) Starting Saros 14.10.31 running:
  Java Version: 1.8.0_144
  Java Vendor: Oracle Corporation
  Eclipse Runtime Version: 3.12.0.v20160606-1342
  Operating System: Windows 10 (10.0)
  Hardware Architecture: amd64
INFO  2017-09-25 00:37:44,961 (SarosContext.java:153) creating Saros runtime context...
DEBUG 2017-09-25 00:37:45,000 (XMPPAccountStore.java:117) loading accounts from file: C:\Users\mccal\.saros\config.dat
DEBUG 2017-09-25 00:37:45,242 (XMPPAccountStore.java:176) loaded 3 account(s)
INFO  2017-09-25 00:37:45,481 (SarosContext.java:199) successfully created Saros runtime context
DEBUG 2017-09-25 00:37:45,508 (DataTransferManager.java:467) used transport order for the current XMPP connection: [XMPP-Socks5-Transport, XMPP-IBB-Transport]
INFO  2017-09-25 00:37:45,536 (PreferenceInitializer.java:50) initializing preference default values
DEBUG 2017-09-25 00:37:45,577 (SarosAnnotation.java:117) resetting annotation colors
DEBUG 2017-09-25 00:37:45,644 (Saros.java:430) skipping conversion of old XMPP accounts, because there are already new ones
DEBUG 2017-09-25 00:37:49,077 (SharedDocumentProvider.java:77) SharedDocumentProvider created by Eclipse
DEBUG 2017-09-25 00:37:52,030 (WhiteboardManager.java:194) WhiteboardManager instantiated
DEBUG 2017-09-25 00:37:52,082 (DocumentRecord.java:93) Added Node: attr(150632147207591251) name=svg
DEBUG 2017-09-25 00:37:52,238 (XMPPConnectionService.java:439) started Socks5 proxy on port: 7777 [listening on all interfaces]
DEBUG 2017-09-25 00:37:52,867 (XMPPConnectionService.java:459) using autodetected addresses: [192.168.1.103, 2001:0:5ef5:79fb:4ae:1ab0:4758:7e0, fe80:0:0:0:4ae:1ab0:4758:7e0%net4, fe80:0:0:0:3127:2108:b5d2:828f%wlan3]
DEBUG 2017-09-25 00:37:52,889 (XMPPConnectionService.java:398)  new connection state == CONNECTING
DEBUG 2017-09-25 00:37:53,928 (XMPPConnectionService.java:398) mccallum.sgd@im.koderoot.net/Saros new connection state == CONNECTED
DEBUG 2017-09-25 00:37:53,928 (DataTransferManager.java:467) used transport order for the current XMPP connection: [XMPP-Socks5-Transport, XMPP-IBB-Transport]
DEBUG 2017-09-25 00:37:53,930 (SkypeManager.java:289) Refreshing Skype username cache...
WARN  2017-09-25 00:38:03,593 (StunServiceImpl.java:420) received no response from STUN server stunserver.org/67.227.226.240:3478 at local address /192.168.1.103:0
ERROR 2017-09-25 01:38:56,438 (XMPPConnectionService.java:101) XMPP connection error: 
stream:error (conflict) text: Replaced by new connection
	at org.jivesoftware.smack.PacketReader.parsePackets(PacketReader.java:247)
	at org.jivesoftware.smack.PacketReader.access$000(PacketReader.java:48)
	at org.jivesoftware.smack.PacketReader$1.run(PacketReader.java:76)
ERROR 2017-09-25 01:38:56,461 (XMPPConnectionService.java:400)  new connection state == ERROR
stream:error (conflict) text: Replaced by new connection
	at org.jivesoftware.smack.PacketReader.parsePackets(PacketReader.java:247)
	at org.jivesoftware.smack.PacketReader.access$000(PacketReader.java:48)
	at org.jivesoftware.smack.PacketReader$1.run(PacketReader.java:76)
DEBUG 2017-09-25 01:38:56,469 (XMPPConnectionService.java:398)  new connection state == NOT_CONNECTED
DEBUG 2017-09-25 03:00:23,417 (UPnPServiceImpl.java:295) deleting existing port mappings
