INFO  2017-10-15 21:29:41,388 (Saros.java:220) Starting Saros 14.10.31 running:
  Java Version: 1.8.0_144
  Java Vendor: Oracle Corporation
  Eclipse Runtime Version: 3.12.0.v20160606-1342
  Operating System: Windows 10 (10.0)
  Hardware Architecture: amd64
INFO  2017-10-15 21:29:41,445 (SarosContext.java:153) creating Saros runtime context...
DEBUG 2017-10-15 21:29:41,499 (XMPPAccountStore.java:117) loading accounts from file: C:\Users\mccal\.saros\config.dat
DEBUG 2017-10-15 21:29:41,969 (XMPPAccountStore.java:176) loaded 3 account(s)
INFO  2017-10-15 21:29:42,143 (SarosContext.java:199) successfully created Saros runtime context
DEBUG 2017-10-15 21:29:42,167 (DataTransferManager.java:467) used transport order for the current XMPP connection: [XMPP-Socks5-Transport, XMPP-IBB-Transport]
INFO  2017-10-15 21:29:42,191 (PreferenceInitializer.java:50) initializing preference default values
DEBUG 2017-10-15 21:29:42,247 (SarosAnnotation.java:117) resetting annotation colors
DEBUG 2017-10-15 21:29:42,323 (Saros.java:430) skipping conversion of old XMPP accounts, because there are already new ones
DEBUG 2017-10-15 21:29:48,757 (SharedDocumentProvider.java:77) SharedDocumentProvider created by Eclipse
DEBUG 2017-10-15 21:29:53,137 (WhiteboardManager.java:194) WhiteboardManager instantiated
DEBUG 2017-10-15 21:29:53,174 (DocumentRecord.java:93) Added Node: attr(150812459316891716) name=svg
DEBUG 2017-10-15 21:29:53,318 (XMPPConnectionService.java:439) started Socks5 proxy on port: 7777 [listening on all interfaces]
DEBUG 2017-10-15 21:29:53,866 (XMPPConnectionService.java:459) using autodetected addresses: [192.168.1.103, 2001:0:5ef5:79fb:1c21:37ac:3f57:fe98, fe80:0:0:0:1c21:37ac:3f57:fe98%net4, fe80:0:0:0:3127:2108:b5d2:828f%wlan4]
DEBUG 2017-10-15 21:29:53,901 (XMPPConnectionService.java:398)  new connection state == CONNECTING
DEBUG 2017-10-15 21:29:55,547 (XMPPConnectionService.java:398) mccallum.sgd@im.koderoot.net/Saros new connection state == CONNECTED
DEBUG 2017-10-15 21:29:55,547 (DataTransferManager.java:467) used transport order for the current XMPP connection: [XMPP-Socks5-Transport, XMPP-IBB-Transport]
DEBUG 2017-10-15 21:29:55,549 (SkypeManager.java:289) Refreshing Skype username cache...
WARN  2017-10-15 21:30:04,776 (StunServiceImpl.java:420) received no response from STUN server stunserver.org/67.227.226.240:3478 at local address /192.168.1.103:0
DEBUG 2017-10-15 23:53:07,373 (XMPPConnectionService.java:398) mccallum.sgd@im.koderoot.net/Saros new connection state == DISCONNECTING
DEBUG 2017-10-15 23:53:07,529 (XMPPConnectionService.java:398)  new connection state == NOT_CONNECTED
DEBUG 2017-10-15 23:53:07,530 (UPnPServiceImpl.java:295) deleting existing port mappings
