INFO  2017-10-01 17:19:33,445 (Saros.java:220) Starting Saros 14.10.31 running:
  Java Version: 1.8.0_144
  Java Vendor: Oracle Corporation
  Eclipse Runtime Version: 3.12.0.v20160606-1342
  Operating System: Windows 10 (10.0)
  Hardware Architecture: amd64
INFO  2017-10-01 17:19:33,471 (SarosContext.java:153) creating Saros runtime context...
DEBUG 2017-10-01 17:19:33,518 (XMPPAccountStore.java:117) loading accounts from file: C:\Users\mccal\.saros\config.dat
DEBUG 2017-10-01 17:19:33,733 (XMPPAccountStore.java:176) loaded 3 account(s)
INFO  2017-10-01 17:19:33,888 (SarosContext.java:199) successfully created Saros runtime context
DEBUG 2017-10-01 17:19:33,903 (DataTransferManager.java:467) used transport order for the current XMPP connection: [XMPP-Socks5-Transport, XMPP-IBB-Transport]
INFO  2017-10-01 17:19:33,919 (PreferenceInitializer.java:50) initializing preference default values
DEBUG 2017-10-01 17:19:33,976 (SarosAnnotation.java:117) resetting annotation colors
DEBUG 2017-10-01 17:19:34,023 (Saros.java:430) skipping conversion of old XMPP accounts, because there are already new ones
DEBUG 2017-10-01 17:19:37,245 (SharedDocumentProvider.java:77) SharedDocumentProvider created by Eclipse
DEBUG 2017-10-01 17:19:39,214 (WhiteboardManager.java:194) WhiteboardManager instantiated
DEBUG 2017-10-01 17:19:39,244 (DocumentRecord.java:93) Added Node: attr(15068999792411304) name=svg
DEBUG 2017-10-01 17:19:39,329 (XMPPConnectionService.java:439) started Socks5 proxy on port: 7777 [listening on all interfaces]
DEBUG 2017-10-01 17:19:40,192 (XMPPConnectionService.java:459) using autodetected addresses: [192.168.1.103, 2001:0:5ef5:79fb:4ae:1ab0:4758:7e0, fe80:0:0:0:4ae:1ab0:4758:7e0%net4, fe80:0:0:0:3127:2108:b5d2:828f%wlan4]
DEBUG 2017-10-01 17:19:40,222 (XMPPConnectionService.java:398)  new connection state == CONNECTING
DEBUG 2017-10-01 17:19:41,861 (XMPPConnectionService.java:398) mccallum.sgd@im.koderoot.net/Saros new connection state == CONNECTED
DEBUG 2017-10-01 17:19:41,861 (DataTransferManager.java:467) used transport order for the current XMPP connection: [XMPP-Socks5-Transport, XMPP-IBB-Transport]
DEBUG 2017-10-01 17:19:41,865 (SkypeManager.java:289) Refreshing Skype username cache...
DEBUG 2017-10-01 17:19:49,699 (XMPPConnectionService.java:398) mccallum.sgd@im.koderoot.net/Saros new connection state == DISCONNECTING
DEBUG 2017-10-01 17:19:49,853 (XMPPConnectionService.java:398)  new connection state == NOT_CONNECTED
DEBUG 2017-10-01 17:19:49,854 (UPnPServiceImpl.java:295) deleting existing port mappings
