INFO  2017-10-13 18:10:52,141 (Saros.java:220) Starting Saros 14.10.31 running:
  Java Version: 1.8.0_144
  Java Vendor: Oracle Corporation
  Eclipse Runtime Version: 3.12.0.v20160606-1342
  Operating System: Windows 10 (10.0)
  Hardware Architecture: amd64
INFO  2017-10-13 18:10:52,274 (SarosContext.java:153) creating Saros runtime context...
DEBUG 2017-10-13 18:10:52,400 (XMPPAccountStore.java:117) loading accounts from file: C:\Users\mccal\.saros\config.dat
DEBUG 2017-10-13 18:10:52,817 (XMPPAccountStore.java:176) loaded 3 account(s)
INFO  2017-10-13 18:10:53,109 (SarosContext.java:199) successfully created Saros runtime context
DEBUG 2017-10-13 18:10:53,140 (DataTransferManager.java:467) used transport order for the current XMPP connection: [XMPP-Socks5-Transport, XMPP-IBB-Transport]
INFO  2017-10-13 18:10:53,185 (PreferenceInitializer.java:50) initializing preference default values
DEBUG 2017-10-13 18:10:53,249 (SarosAnnotation.java:117) resetting annotation colors
DEBUG 2017-10-13 18:10:53,350 (Saros.java:430) skipping conversion of old XMPP accounts, because there are already new ones
DEBUG 2017-10-13 18:10:58,973 (SharedDocumentProvider.java:77) SharedDocumentProvider created by Eclipse
DEBUG 2017-10-13 18:11:03,264 (WhiteboardManager.java:194) WhiteboardManager instantiated
DEBUG 2017-10-13 18:11:03,416 (DocumentRecord.java:93) Added Node: attr(150793986340711072) name=svg
DEBUG 2017-10-13 18:11:03,629 (XMPPConnectionService.java:439) started Socks5 proxy on port: 7777 [listening on all interfaces]
DEBUG 2017-10-13 18:11:04,842 (XMPPConnectionService.java:459) using autodetected addresses: [192.168.1.103, 2001:0:5ef5:79fb:140e:1277:4758:7e0, fe80:0:0:0:140e:1277:4758:7e0%net4, fe80:0:0:0:3127:2108:b5d2:828f%wlan4]
DEBUG 2017-10-13 18:11:04,868 (XMPPConnectionService.java:398)  new connection state == CONNECTING
DEBUG 2017-10-13 18:11:06,082 (XMPPConnectionService.java:398) mccallum.sgd@im.koderoot.net/Saros new connection state == CONNECTED
DEBUG 2017-10-13 18:11:06,082 (DataTransferManager.java:467) used transport order for the current XMPP connection: [XMPP-Socks5-Transport, XMPP-IBB-Transport]
DEBUG 2017-10-13 18:11:06,221 (SkypeManager.java:289) Refreshing Skype username cache...
WARN  2017-10-13 18:11:16,732 (StunServiceImpl.java:420) received no response from STUN server stunserver.org/67.227.226.240:3478 at local address /192.168.1.103:0
