INFO  2017-10-20 16:35:35,613 (Saros.java:220) Starting Saros 14.10.31 running:
  Java Version: 1.8.0_151
  Java Vendor: Oracle Corporation
  Eclipse Runtime Version: 3.12.0.v20160606-1342
  Operating System: Windows 10 (10.0)
  Hardware Architecture: amd64
INFO  2017-10-20 16:35:35,652 (SarosContext.java:153) creating Saros runtime context...
DEBUG 2017-10-20 16:35:35,705 (XMPPAccountStore.java:117) loading accounts from file: C:\Users\mccal\.saros\config.dat
DEBUG 2017-10-20 16:35:36,024 (XMPPAccountStore.java:176) loaded 3 account(s)
INFO  2017-10-20 16:35:36,246 (SarosContext.java:199) successfully created Saros runtime context
DEBUG 2017-10-20 16:35:36,275 (DataTransferManager.java:467) used transport order for the current XMPP connection: [XMPP-Socks5-Transport, XMPP-IBB-Transport]
INFO  2017-10-20 16:35:36,296 (PreferenceInitializer.java:50) initializing preference default values
DEBUG 2017-10-20 16:35:36,385 (SarosAnnotation.java:117) resetting annotation colors
DEBUG 2017-10-20 16:35:36,447 (Saros.java:430) skipping conversion of old XMPP accounts, because there are already new ones
DEBUG 2017-10-20 16:35:40,483 (SharedDocumentProvider.java:77) SharedDocumentProvider created by Eclipse
DEBUG 2017-10-20 16:35:43,216 (WhiteboardManager.java:194) WhiteboardManager instantiated
DEBUG 2017-10-20 16:35:43,224 (DocumentRecord.java:93) Added Node: attr(150853894322457091) name=svg
DEBUG 2017-10-20 16:35:43,442 (XMPPConnectionService.java:439) started Socks5 proxy on port: 7777 [listening on all interfaces]
DEBUG 2017-10-20 16:35:48,270 (XMPPConnectionService.java:459) using autodetected addresses: [192.168.1.103, 2001:0:5ef5:79fb:1052:3943:4758:7e0, fe80:0:0:0:1052:3943:4758:7e0%net4, fe80:0:0:0:3127:2108:b5d2:828f%wlan4]
DEBUG 2017-10-20 16:35:48,280 (XMPPConnectionService.java:398)  new connection state == CONNECTING
ERROR 2017-10-20 16:35:48,654 (ThreadUtils.java:40) Internal Error:
java.lang.NullPointerException
	at de.fu_berlin.inf.dpp.serviceProviders.SarosSourceProvider.refreshUIElements(SarosSourceProvider.java:153)
	at de.fu_berlin.inf.dpp.serviceProviders.SarosSourceProvider.access$3(SarosSourceProvider.java:150)
	at de.fu_berlin.inf.dpp.serviceProviders.SarosSourceProvider$3.run(SarosSourceProvider.java:128)
	at de.fu_berlin.inf.dpp.util.ThreadUtils$1.run(ThreadUtils.java:38)
	at org.eclipse.swt.widgets.RunnableLock.run(RunnableLock.java:35)
	at org.eclipse.swt.widgets.Synchronizer.runAsyncMessages(Synchronizer.java:182)
	at org.eclipse.swt.widgets.Display.runAsyncMessages(Display.java:4211)
	at org.eclipse.swt.widgets.Display.readAndDispatch(Display.java:3827)
	at org.eclipse.jface.operation.ModalContext$ModalContextThread.block(ModalContext.java:165)
	at org.eclipse.jface.operation.ModalContext.run(ModalContext.java:369)
	at org.eclipse.jface.dialogs.ProgressMonitorDialog.run(ProgressMonitorDialog.java:481)
	at org.eclipse.ui.internal.progress.ProgressMonitorJobsDialog.run(ProgressMonitorJobsDialog.java:242)
	at org.eclipse.ui.internal.ide.application.IDEWorkbenchAdvisor.disconnectFromWorkspace(IDEWorkbenchAdvisor.java:463)
	at org.eclipse.ui.internal.ide.application.IDEWorkbenchAdvisor.postShutdown(IDEWorkbenchAdvisor.java:309)
	at org.eclipse.ui.internal.Workbench.shutdown(Workbench.java:3117)
	at org.eclipse.ui.internal.Workbench.busyClose(Workbench.java:1206)
	at org.eclipse.ui.internal.Workbench.access$22(Workbench.java:1118)
	at org.eclipse.ui.internal.Workbench$19.run(Workbench.java:1459)
	at org.eclipse.swt.custom.BusyIndicator.showWhile(BusyIndicator.java:70)
	at org.eclipse.ui.internal.Workbench.close(Workbench.java:1456)
	at org.eclipse.ui.internal.Workbench.close(Workbench.java:1429)
	at org.eclipse.ui.internal.WorkbenchWindow.busyClose(WorkbenchWindow.java:1594)
	at org.eclipse.ui.internal.WorkbenchWindow.access$16(WorkbenchWindow.java:1540)
	at org.eclipse.ui.internal.WorkbenchWindow$11.run(WorkbenchWindow.java:1626)
	at org.eclipse.swt.custom.BusyIndicator.showWhile(BusyIndicator.java:70)
	at org.eclipse.ui.internal.WorkbenchWindow.close(WorkbenchWindow.java:1623)
	at org.eclipse.ui.internal.WorkbenchWindow.close(WorkbenchWindow.java:1637)
	at org.eclipse.ui.internal.WorkbenchWindow$6.close(WorkbenchWindow.java:524)
	at org.eclipse.e4.ui.workbench.renderers.swt.WBWRenderer$7.shellClosed(WBWRenderer.java:629)
	at org.eclipse.swt.widgets.TypedListener.handleEvent(TypedListener.java:99)
	at org.eclipse.swt.widgets.EventTable.sendEvent(EventTable.java:84)
	at org.eclipse.swt.widgets.Display.sendEvent(Display.java:4418)
	at org.eclipse.swt.widgets.Widget.sendEvent(Widget.java:1079)
	at org.eclipse.swt.widgets.Widget.sendEvent(Widget.java:1103)
	at org.eclipse.swt.widgets.Widget.sendEvent(Widget.java:1088)
	at org.eclipse.swt.widgets.Decorations.closeWidget(Decorations.java:315)
	at org.eclipse.swt.widgets.Decorations.WM_CLOSE(Decorations.java:1728)
	at org.eclipse.swt.widgets.Control.windowProc(Control.java:4801)
	at org.eclipse.swt.widgets.Canvas.windowProc(Canvas.java:359)
	at org.eclipse.swt.widgets.Decorations.windowProc(Decorations.java:1656)
	at org.eclipse.swt.widgets.Shell.windowProc(Shell.java:2199)
	at org.eclipse.swt.widgets.Display.windowProc(Display.java:5110)
	at org.eclipse.swt.internal.win32.OS.DefWindowProcW(Native Method)
	at org.eclipse.swt.internal.win32.OS.DefWindowProc(OS.java:2547)
	at org.eclipse.swt.widgets.Shell.callWindowProc(Shell.java:506)
	at org.eclipse.swt.widgets.Control.windowProc(Control.java:4897)
	at org.eclipse.swt.widgets.Canvas.windowProc(Canvas.java:359)
	at org.eclipse.swt.widgets.Decorations.windowProc(Decorations.java:1656)
	at org.eclipse.swt.widgets.Shell.windowProc(Shell.java:2199)
	at org.eclipse.swt.widgets.Display.windowProc(Display.java:5110)
	at org.eclipse.swt.internal.win32.OS.DefWindowProcW(Native Method)
	at org.eclipse.swt.internal.win32.OS.DefWindowProc(OS.java:2547)
	at org.eclipse.swt.widgets.Shell.callWindowProc(Shell.java:506)
	at org.eclipse.swt.widgets.Control.windowProc(Control.java:4897)
	at org.eclipse.swt.widgets.Canvas.windowProc(Canvas.java:359)
	at org.eclipse.swt.widgets.Decorations.windowProc(Decorations.java:1656)
	at org.eclipse.swt.widgets.Shell.windowProc(Shell.java:2199)
	at org.eclipse.swt.widgets.Display.windowProc(Display.java:5110)
	at org.eclipse.swt.internal.win32.OS.DispatchMessageW(Native Method)
	at org.eclipse.swt.internal.win32.OS.DispatchMessage(OS.java:2552)
	at org.eclipse.swt.widgets.Display.readAndDispatch(Display.java:3822)
	at org.eclipse.e4.ui.internal.workbench.swt.PartRenderingEngine$4.run(PartRenderingEngine.java:1121)
	at org.eclipse.core.databinding.observable.Realm.runWithDefault(Realm.java:336)
	at org.eclipse.e4.ui.internal.workbench.swt.PartRenderingEngine.run(PartRenderingEngine.java:1022)
	at org.eclipse.e4.ui.internal.workbench.E4Workbench.createAndRunUI(E4Workbench.java:150)
	at org.eclipse.ui.internal.Workbench$5.run(Workbench.java:693)
	at org.eclipse.core.databinding.observable.Realm.runWithDefault(Realm.java:336)
	at org.eclipse.ui.internal.Workbench.createAndRunWorkbench(Workbench.java:610)
	at org.eclipse.ui.PlatformUI.createAndRunWorkbench(PlatformUI.java:148)
	at org.eclipse.ui.internal.ide.application.IDEApplication.start(IDEApplication.java:138)
	at org.eclipse.equinox.internal.app.EclipseAppHandle.run(EclipseAppHandle.java:196)
	at org.eclipse.core.runtime.internal.adaptor.EclipseAppLauncher.runApplication(EclipseAppLauncher.java:134)
	at org.eclipse.core.runtime.internal.adaptor.EclipseAppLauncher.start(EclipseAppLauncher.java:104)
	at org.eclipse.core.runtime.adaptor.EclipseStarter.run(EclipseStarter.java:388)
	at org.eclipse.core.runtime.adaptor.EclipseStarter.run(EclipseStarter.java:243)
	at sun.reflect.NativeMethodAccessorImpl.invoke0(Native Method)
	at sun.reflect.NativeMethodAccessorImpl.invoke(Unknown Source)
	at sun.reflect.DelegatingMethodAccessorImpl.invoke(Unknown Source)
	at java.lang.reflect.Method.invoke(Unknown Source)
	at org.eclipse.equinox.launcher.Main.invokeFramework(Main.java:673)
	at org.eclipse.equinox.launcher.Main.basicRun(Main.java:610)
	at org.eclipse.equinox.launcher.Main.run(Main.java:1519)
ERROR 2017-10-20 16:35:48,926 (ThreadUtils.java:41) Original caller:
StackTrace:
	at de.fu_berlin.inf.dpp.util.ThreadUtils.wrapSafe(ThreadUtils.java:32)
	at de.fu_berlin.inf.dpp.ui.util.SWTUtils.runSafeSWTAsync(SWTUtils.java:139)
	at de.fu_berlin.inf.dpp.serviceProviders.SarosSourceProvider.connectionChanged(SarosSourceProvider.java:124)
	at de.fu_berlin.inf.dpp.serviceProviders.SarosSourceProvider.access$0(SarosSourceProvider.java:123)
	at de.fu_berlin.inf.dpp.serviceProviders.SarosSourceProvider$1.connectionStateChanged(SarosSourceProvider.java:70)
	at de.fu_berlin.inf.dpp.communication.connection.ConnectionHandler.setConnectionState(ConnectionHandler.java:397)
	at de.fu_berlin.inf.dpp.communication.connection.ConnectionHandler.access$1(ConnectionHandler.java:389)
	at de.fu_berlin.inf.dpp.communication.connection.ConnectionHandler$1.connectionStateChanged(ConnectionHandler.java:79)
	at de.fu_berlin.inf.dpp.net.xmpp.XMPPConnectionService.setConnectionState(XMPPConnectionService.java:405)
	at de.fu_berlin.inf.dpp.net.xmpp.XMPPConnectionService.connect(XMPPConnectionService.java:266)
	at de.fu_berlin.inf.dpp.communication.connection.ConnectionHandler.connectXMPPInternal(ConnectionHandler.java:332)
	at de.fu_berlin.inf.dpp.communication.connection.ConnectionHandler.connect(ConnectionHandler.java:190)
	at de.fu_berlin.inf.dpp.StartupSaros$1.run(StartupSaros.java:113)
	at de.fu_berlin.inf.dpp.util.ThreadUtils$1.run(ThreadUtils.java:38)
	at java.lang.Thread.run(Unknown Source)
DEBUG 2017-10-20 16:35:50,321 (XMPPConnectionService.java:398) mccallum.sgd@im.koderoot.net/Saros new connection state == CONNECTED
DEBUG 2017-10-20 16:35:50,321 (DataTransferManager.java:467) used transport order for the current XMPP connection: [XMPP-Socks5-Transport, XMPP-IBB-Transport]
ERROR 2017-10-20 16:35:50,321 (ThreadUtils.java:40) Internal Error:
java.lang.NullPointerException
	at de.fu_berlin.inf.dpp.serviceProviders.SarosSourceProvider.refreshUIElements(SarosSourceProvider.java:153)
	at de.fu_berlin.inf.dpp.serviceProviders.SarosSourceProvider.access$3(SarosSourceProvider.java:150)
	at de.fu_berlin.inf.dpp.serviceProviders.SarosSourceProvider$3.run(SarosSourceProvider.java:128)
	at de.fu_berlin.inf.dpp.util.ThreadUtils$1.run(ThreadUtils.java:38)
	at org.eclipse.swt.widgets.RunnableLock.run(RunnableLock.java:35)
	at org.eclipse.swt.widgets.Synchronizer.runAsyncMessages(Synchronizer.java:182)
	at org.eclipse.swt.widgets.Display.runAsyncMessages(Display.java:4211)
	at org.eclipse.swt.widgets.Display.readAndDispatch(Display.java:3827)
	at org.eclipse.jface.operation.ModalContext$ModalContextThread.block(ModalContext.java:165)
	at org.eclipse.jface.operation.ModalContext.run(ModalContext.java:369)
	at org.eclipse.jface.dialogs.ProgressMonitorDialog.run(ProgressMonitorDialog.java:481)
	at org.eclipse.ui.internal.progress.ProgressMonitorJobsDialog.run(ProgressMonitorJobsDialog.java:242)
	at org.eclipse.ui.internal.ide.application.IDEWorkbenchAdvisor.disconnectFromWorkspace(IDEWorkbenchAdvisor.java:463)
	at org.eclipse.ui.internal.ide.application.IDEWorkbenchAdvisor.postShutdown(IDEWorkbenchAdvisor.java:309)
	at org.eclipse.ui.internal.Workbench.shutdown(Workbench.java:3117)
	at org.eclipse.ui.internal.Workbench.busyClose(Workbench.java:1206)
	at org.eclipse.ui.internal.Workbench.access$22(Workbench.java:1118)
	at org.eclipse.ui.internal.Workbench$19.run(Workbench.java:1459)
	at org.eclipse.swt.custom.BusyIndicator.showWhile(BusyIndicator.java:70)
	at org.eclipse.ui.internal.Workbench.close(Workbench.java:1456)
	at org.eclipse.ui.internal.Workbench.close(Workbench.java:1429)
	at org.eclipse.ui.internal.WorkbenchWindow.busyClose(WorkbenchWindow.java:1594)
	at org.eclipse.ui.internal.WorkbenchWindow.access$16(WorkbenchWindow.java:1540)
	at org.eclipse.ui.internal.WorkbenchWindow$11.run(WorkbenchWindow.java:1626)
	at org.eclipse.swt.custom.BusyIndicator.showWhile(BusyIndicator.java:70)
	at org.eclipse.ui.internal.WorkbenchWindow.close(WorkbenchWindow.java:1623)
	at org.eclipse.ui.internal.WorkbenchWindow.close(WorkbenchWindow.java:1637)
	at org.eclipse.ui.internal.WorkbenchWindow$6.close(WorkbenchWindow.java:524)
	at org.eclipse.e4.ui.workbench.renderers.swt.WBWRenderer$7.shellClosed(WBWRenderer.java:629)
	at org.eclipse.swt.widgets.TypedListener.handleEvent(TypedListener.java:99)
	at org.eclipse.swt.widgets.EventTable.sendEvent(EventTable.java:84)
	at org.eclipse.swt.widgets.Display.sendEvent(Display.java:4418)
	at org.eclipse.swt.widgets.Widget.sendEvent(Widget.java:1079)
	at org.eclipse.swt.widgets.Widget.sendEvent(Widget.java:1103)
	at org.eclipse.swt.widgets.Widget.sendEvent(Widget.java:1088)
	at org.eclipse.swt.widgets.Decorations.closeWidget(Decorations.java:315)
	at org.eclipse.swt.widgets.Decorations.WM_CLOSE(Decorations.java:1728)
	at org.eclipse.swt.widgets.Control.windowProc(Control.java:4801)
	at org.eclipse.swt.widgets.Canvas.windowProc(Canvas.java:359)
	at org.eclipse.swt.widgets.Decorations.windowProc(Decorations.java:1656)
	at org.eclipse.swt.widgets.Shell.windowProc(Shell.java:2199)
	at org.eclipse.swt.widgets.Display.windowProc(Display.java:5110)
	at org.eclipse.swt.internal.win32.OS.DefWindowProcW(Native Method)
	at org.eclipse.swt.internal.win32.OS.DefWindowProc(OS.java:2547)
	at org.eclipse.swt.widgets.Shell.callWindowProc(Shell.java:506)
	at org.eclipse.swt.widgets.Control.windowProc(Control.java:4897)
	at org.eclipse.swt.widgets.Canvas.windowProc(Canvas.java:359)
	at org.eclipse.swt.widgets.Decorations.windowProc(Decorations.java:1656)
	at org.eclipse.swt.widgets.Shell.windowProc(Shell.java:2199)
	at org.eclipse.swt.widgets.Display.windowProc(Display.java:5110)
	at org.eclipse.swt.internal.win32.OS.DefWindowProcW(Native Method)
	at org.eclipse.swt.internal.win32.OS.DefWindowProc(OS.java:2547)
	at org.eclipse.swt.widgets.Shell.callWindowProc(Shell.java:506)
	at org.eclipse.swt.widgets.Control.windowProc(Control.java:4897)
	at org.eclipse.swt.widgets.Canvas.windowProc(Canvas.java:359)
	at org.eclipse.swt.widgets.Decorations.windowProc(Decorations.java:1656)
	at org.eclipse.swt.widgets.Shell.windowProc(Shell.java:2199)
	at org.eclipse.swt.widgets.Display.windowProc(Display.java:5110)
	at org.eclipse.swt.internal.win32.OS.DispatchMessageW(Native Method)
	at org.eclipse.swt.internal.win32.OS.DispatchMessage(OS.java:2552)
	at org.eclipse.swt.widgets.Display.readAndDispatch(Display.java:3822)
	at org.eclipse.e4.ui.internal.workbench.swt.PartRenderingEngine$4.run(PartRenderingEngine.java:1121)
	at org.eclipse.core.databinding.observable.Realm.runWithDefault(Realm.java:336)
	at org.eclipse.e4.ui.internal.workbench.swt.PartRenderingEngine.run(PartRenderingEngine.java:1022)
	at org.eclipse.e4.ui.internal.workbench.E4Workbench.createAndRunUI(E4Workbench.java:150)
	at org.eclipse.ui.internal.Workbench$5.run(Workbench.java:693)
	at org.eclipse.core.databinding.observable.Realm.runWithDefault(Realm.java:336)
	at org.eclipse.ui.internal.Workbench.createAndRunWorkbench(Workbench.java:610)
	at org.eclipse.ui.PlatformUI.createAndRunWorkbench(PlatformUI.java:148)
	at org.eclipse.ui.internal.ide.application.IDEApplication.start(IDEApplication.java:138)
	at org.eclipse.equinox.internal.app.EclipseAppHandle.run(EclipseAppHandle.java:196)
	at org.eclipse.core.runtime.internal.adaptor.EclipseAppLauncher.runApplication(EclipseAppLauncher.java:134)
	at org.eclipse.core.runtime.internal.adaptor.EclipseAppLauncher.start(EclipseAppLauncher.java:104)
	at org.eclipse.core.runtime.adaptor.EclipseStarter.run(EclipseStarter.java:388)
	at org.eclipse.core.runtime.adaptor.EclipseStarter.run(EclipseStarter.java:243)
	at sun.reflect.NativeMethodAccessorImpl.invoke0(Native Method)
	at sun.reflect.NativeMethodAccessorImpl.invoke(Unknown Source)
	at sun.reflect.DelegatingMethodAccessorImpl.invoke(Unknown Source)
	at java.lang.reflect.Method.invoke(Unknown Source)
	at org.eclipse.equinox.launcher.Main.invokeFramework(Main.java:673)
	at org.eclipse.equinox.launcher.Main.basicRun(Main.java:610)
	at org.eclipse.equinox.launcher.Main.run(Main.java:1519)
DEBUG 2017-10-20 16:35:50,321 (SkypeManager.java:289) Refreshing Skype username cache...
ERROR 2017-10-20 16:35:50,577 (ThreadUtils.java:41) Original caller:
StackTrace:
	at de.fu_berlin.inf.dpp.util.ThreadUtils.wrapSafe(ThreadUtils.java:32)
	at de.fu_berlin.inf.dpp.ui.util.SWTUtils.runSafeSWTAsync(SWTUtils.java:139)
	at de.fu_berlin.inf.dpp.serviceProviders.SarosSourceProvider.connectionChanged(SarosSourceProvider.java:124)
	at de.fu_berlin.inf.dpp.serviceProviders.SarosSourceProvider.access$0(SarosSourceProvider.java:123)
	at de.fu_berlin.inf.dpp.serviceProviders.SarosSourceProvider$1.connectionStateChanged(SarosSourceProvider.java:70)
	at de.fu_berlin.inf.dpp.communication.connection.ConnectionHandler.setConnectionState(ConnectionHandler.java:397)
	at de.fu_berlin.inf.dpp.communication.connection.ConnectionHandler.access$1(ConnectionHandler.java:389)
	at de.fu_berlin.inf.dpp.communication.connection.ConnectionHandler$1.connectionStateChanged(ConnectionHandler.java:79)
	at de.fu_berlin.inf.dpp.net.xmpp.XMPPConnectionService.setConnectionState(XMPPConnectionService.java:405)
	at de.fu_berlin.inf.dpp.net.xmpp.XMPPConnectionService.connect(XMPPConnectionService.java:280)
	at de.fu_berlin.inf.dpp.communication.connection.ConnectionHandler.connectXMPPInternal(ConnectionHandler.java:332)
	at de.fu_berlin.inf.dpp.communication.connection.ConnectionHandler.connect(ConnectionHandler.java:190)
	at de.fu_berlin.inf.dpp.StartupSaros$1.run(StartupSaros.java:113)
	at de.fu_berlin.inf.dpp.util.ThreadUtils$1.run(ThreadUtils.java:38)
	at java.lang.Thread.run(Unknown Source)
DEBUG 2017-10-20 16:35:52,533 (XMPPConnectionService.java:398) mccallum.sgd@im.koderoot.net/Saros new connection state == DISCONNECTING
DEBUG 2017-10-20 16:35:52,693 (XMPPConnectionService.java:398)  new connection state == NOT_CONNECTED
DEBUG 2017-10-20 16:35:52,693 (UPnPServiceImpl.java:295) deleting existing port mappings
