INFO  2017-10-29 14:36:29,450 (Saros.java:220) Starting Saros 14.10.31 running:
  Java Version: 1.8.0_151
  Java Vendor: Oracle Corporation
  Eclipse Runtime Version: 3.12.0.v20160606-1342
  Operating System: Windows 10 (10.0)
  Hardware Architecture: amd64
INFO  2017-10-29 14:36:29,496 (SarosContext.java:153) creating Saros runtime context...
DEBUG 2017-10-29 14:36:29,543 (XMPPAccountStore.java:117) loading accounts from file: C:\Users\mccal\.saros\config.dat
DEBUG 2017-10-29 14:36:29,986 (XMPPAccountStore.java:176) loaded 3 account(s)
INFO  2017-10-29 14:36:30,142 (SarosContext.java:199) successfully created Saros runtime context
DEBUG 2017-10-29 14:36:30,158 (DataTransferManager.java:467) used transport order for the current XMPP connection: [XMPP-Socks5-Transport, XMPP-IBB-Transport]
INFO  2017-10-29 14:36:30,189 (PreferenceInitializer.java:50) initializing preference default values
DEBUG 2017-10-29 14:36:30,236 (SarosAnnotation.java:117) resetting annotation colors
DEBUG 2017-10-29 14:36:30,317 (Saros.java:264) autogenerated favorite color id is: 2
DEBUG 2017-10-29 14:36:30,317 (Saros.java:430) skipping conversion of old XMPP accounts, because there are already new ones
DEBUG 2017-10-29 14:36:40,807 (WhiteboardManager.java:194) WhiteboardManager instantiated
DEBUG 2017-10-29 14:36:40,831 (DocumentRecord.java:93) Added Node: attr(15093094008266803) name=svg
DEBUG 2017-10-29 14:36:40,935 (XMPPConnectionService.java:439) started Socks5 proxy on port: 7777 [listening on all interfaces]
DEBUG 2017-10-29 14:36:41,241 (XMPPConnectionService.java:459) using autodetected addresses: [192.168.1.103, 2001:0:5ef5:79fb:cf:3d2:3f57:fe98, fe80:0:0:0:cf:3d2:3f57:fe98%net0, fe80:0:0:0:3127:2108:b5d2:828f%wlan4]
DEBUG 2017-10-29 14:36:41,249 (XMPPConnectionService.java:398)  new connection state == CONNECTING
DEBUG 2017-10-29 14:36:42,267 (XMPPConnectionService.java:398) mccallum.sgd@im.koderoot.net/Saros new connection state == CONNECTED
DEBUG 2017-10-29 14:36:42,267 (DataTransferManager.java:467) used transport order for the current XMPP connection: [XMPP-Socks5-Transport, XMPP-IBB-Transport]
DEBUG 2017-10-29 14:36:42,271 (SkypeManager.java:289) Refreshing Skype username cache...
WARN  2017-10-29 14:36:51,470 (StunServiceImpl.java:420) received no response from STUN server stunserver.org/67.227.226.240:3478 at local address /192.168.1.103:0
DEBUG 2017-10-29 14:42:46,968 (XMPPConnectionService.java:398) mccallum.sgd@im.koderoot.net/Saros new connection state == DISCONNECTING
DEBUG 2017-10-29 14:42:47,121 (XMPPConnectionService.java:398)  new connection state == NOT_CONNECTED
DEBUG 2017-10-29 14:42:47,122 (UPnPServiceImpl.java:295) deleting existing port mappings
