INFO  2017-10-29 14:43:14,742 (Saros.java:220) Starting Saros 14.10.31 running:
  Java Version: 1.8.0_151
  Java Vendor: Oracle Corporation
  Eclipse Runtime Version: 3.12.0.v20160606-1342
  Operating System: Windows 10 (10.0)
  Hardware Architecture: amd64
INFO  2017-10-29 14:43:14,773 (SarosContext.java:153) creating Saros runtime context...
DEBUG 2017-10-29 14:43:14,825 (XMPPAccountStore.java:117) loading accounts from file: C:\Users\mccal\.saros\config.dat
DEBUG 2017-10-29 14:43:15,029 (XMPPAccountStore.java:176) loaded 3 account(s)
INFO  2017-10-29 14:43:15,241 (SarosContext.java:199) successfully created Saros runtime context
DEBUG 2017-10-29 14:43:15,267 (DataTransferManager.java:467) used transport order for the current XMPP connection: [XMPP-Socks5-Transport, XMPP-IBB-Transport]
INFO  2017-10-29 14:43:15,286 (PreferenceInitializer.java:50) initializing preference default values
DEBUG 2017-10-29 14:43:15,318 (SarosAnnotation.java:117) resetting annotation colors
DEBUG 2017-10-29 14:43:15,381 (Saros.java:430) skipping conversion of old XMPP accounts, because there are already new ones
DEBUG 2017-10-29 14:43:21,224 (WhiteboardManager.java:194) WhiteboardManager instantiated
DEBUG 2017-10-29 14:43:21,239 (DocumentRecord.java:93) Added Node: attr(150930980123515996) name=svg
DEBUG 2017-10-29 14:43:21,371 (XMPPConnectionService.java:439) started Socks5 proxy on port: 7777 [listening on all interfaces]
DEBUG 2017-10-29 14:43:21,973 (XMPPConnectionService.java:459) using autodetected addresses: [192.168.1.103, 2001:0:5ef5:79fb:cf:3d2:3f57:fe98, fe80:0:0:0:cf:3d2:3f57:fe98%net0, fe80:0:0:0:3127:2108:b5d2:828f%wlan4]
DEBUG 2017-10-29 14:43:21,994 (XMPPConnectionService.java:398)  new connection state == CONNECTING
DEBUG 2017-10-29 14:43:23,250 (XMPPConnectionService.java:398) mccallum.sgd@im.koderoot.net/Saros new connection state == CONNECTED
DEBUG 2017-10-29 14:43:23,250 (DataTransferManager.java:467) used transport order for the current XMPP connection: [XMPP-Socks5-Transport, XMPP-IBB-Transport]
DEBUG 2017-10-29 14:43:23,252 (SkypeManager.java:289) Refreshing Skype username cache...
WARN  2017-10-29 14:43:32,441 (StunServiceImpl.java:420) received no response from STUN server stunserver.org/67.227.226.240:3478 at local address /192.168.1.103:0
DEBUG 2017-10-29 14:51:49,617 (IconUtils.java:197) color: RGB {255, 255, 255}
DEBUG 2017-10-29 14:51:49,620 (IconUtils.java:208) create foreground icon with color RGB {0, 0, 0}
